[ex123421.my.canva.site/index.html]
[backblue.gif]
[fade.gif]
[index.html]
[ex123421.my.canva.site/26387fa4f5b1e3f7b6217b27d79bf264.png]
[ex123421.my.canva.site/2d0b56e7e51cf11036ad8734bdb67e2d.png]
[ex123421.my.canva.site/725b756a69a7d4c235070e51acd85560.png]
[ex123421.my.canva.site/e0a25845cc90b49d3e84a5d35a642376.png]
[ex123421.my.canva.site/fonts/7f3d50824f5578bd508cc1dff0b95b26.woff2]
[ex123421.my.canva.site/fonts/40335ed6952d868afeb4484433688eda.woff2]
[ex123421.my.canva.site/fonts/6fca1531cbd0f298ca25a5524981c887.woff2]
[ex123421.my.canva.site/fonts/0fde5eeb51bceeec52453d7acc465f9c.woff2]
[ex123421.my.canva.site/fonts/fd2a15810288e5ff1309e5dd77175f6a.woff2]
[ex123421.my.canva.site/fonts/8f7934b3d45567e9cf1f541e008969a9.woff2]
[ex123421.my.canva.site/fonts/9340013c7d177c83df1edab0cf96ac10.woff2]
[ex123421.my.canva.site/fonts/e005df7c7c34fefde116ba9b5a0e51e1.woff2]
[ex123421.my.canva.site/fonts/83b37f2dcbb18c810da7cfa915708210.woff2]
[ex123421.my.canva.site/fonts/f8f199f09526f79e87644ed227e0f651.woff2]
[ex123421.my.canva.site/fonts/98c4d2c0223fc8474641c77f923528e9.woff2]
[ex123421.my.canva.site/fonts/d257a7100844bc3f98c9021168b6249e.woff2]
[ex123421.my.canva.site/fonts/1060345c54d396e76d73f1da7ee200bd.woff2]
[ex123421.my.canva.site/images/5830e77ddc88f11dbbd701c19be36e71.jpg]
[ex123421.my.canva.site/'']
[ex123421.my.canva.site/images/8a2d77ec3caf8a052c50236a128878fa.png]
[ex123421.my.canva.site/images/ead917b8966e6467f2fb4306e56db8c8.jpg]
[ex123421.my.canva.site/images/f31798fb63ecf804afe03bdbd477a8ea.jpg]
[ex123421.my.canva.site/images/f98adfa9befd54b6a33d068c918dc87b.jpg]
[ex123421.my.canva.site/js/73ad2651535b7ecadd366d5fa045dc32c1cdb8fc38f8243601b62b64f4123420.js]
[ex123421.my.canva.site/index.html]
[ex123421.my.canva.site/''.html]
[ex123421.my.canva.site/js/358bf52039ebcda09120f277a7931a452109398e5accece73f033c380056d3b1.js]
